Fox Run/Library/Bee/Android/Prj/Mono2x/Gradle/launcher/build/intermediates/manifest_merge_blame_file/release/manifest-merger-blame-release-report.txt
1<?xml version="1.0" encoding="utf-8"?>
2<manifest xmlns:android="http://schemas.android.com/apk/res/android"
3    package="com.DefaultCompany.UniRun"
4    android:installLocation="preferExternal"
5    android:versionCode="1"
6    android:versionName="1.0" >
7
8    <uses-sdk
9        android:minSdkVersion="22"
9-->src\main\AndroidManifest.xml
10        android:targetSdkVersion="33" />
10-->src\main\AndroidManifest.xml
11
12    <supports-screens
12-->src\main\AndroidManifest.xml:4:3-163
13        android:anyDensity="true"
13-->src\main\AndroidManifest.xml:4:135-160
14        android:largeScreens="true"
14-->src\main\AndroidManifest.xml:4:78-105
15        android:normalScreens="true"
15-->src\main\AndroidManifest.xml:4:49-77
16        android:smallScreens="true"
16-->src\main\AndroidManifest.xml:4:21-48
17        android:xlargeScreens="true" />
17-->src\main\AndroidManifest.xml:4:106-134
18
19    <uses-permission android:name="android.permission.INTERNET" />
19-->[:unityLibrary] AndroidManifest.xml:10:5-67
19-->[:unityLibrary] AndroidManifest.xml:10:22-64
20    <uses-permission android:name="android.permission.ACCESS_NETWORK_STATE" />
20-->[:unityLibrary] AndroidManifest.xml:11:5-79
20-->[:unityLibrary] AndroidManifest.xml:11:22-76
21
22    <uses-feature android:glEsVersion="0x00020000" />
22-->[:unityLibrary] AndroidManifest.xml:13:5-54
22-->[:unityLibrary] AndroidManifest.xml:13:19-51
23    <uses-feature
23-->[:unityLibrary] AndroidManifest.xml:14:5-16:36
24        android:name="android.hardware.touchscreen"
24-->[:unityLibrary] AndroidManifest.xml:15:9-52
25        android:required="false" />
25-->[:unityLibrary] AndroidManifest.xml:16:9-33
26    <uses-feature
26-->[:unityLibrary] AndroidManifest.xml:17:5-19:36
27        android:name="android.hardware.touchscreen.multitouch"
27-->[:unityLibrary] AndroidManifest.xml:18:9-63
28        android:required="false" />
28-->[:unityLibrary] AndroidManifest.xml:19:9-33
29    <uses-feature
29-->[:unityLibrary] AndroidManifest.xml:20:5-22:36
30        android:name="android.hardware.touchscreen.multitouch.distinct"
30-->[:unityLibrary] AndroidManifest.xml:21:9-72
31        android:required="false" />
31-->[:unityLibrary] AndroidManifest.xml:22:9-33
32
33    <uses-permission android:name="com.android.vending.BILLING" />
33-->[:billing-5.1.0:] AndroidManifest.xml:10:5-67
33-->[:billing-5.1.0:] AndroidManifest.xml:10:22-64
34    <!--
35    This has been added to conform with requirement from Android 11 (API level 30) onwards
36    (http://screen/9iGdBMRWDmVbRJ6), after getting confirmation in http://yaqs/995038231927980032#a1
37    -->
38    <queries>
38-->[:billing-5.1.0:] AndroidManifest.xml:16:5-20:15
39        <intent>
39-->[:billing-5.1.0:] AndroidManifest.xml:17:9-19:18
40            <action android:name="com.android.vending.billing.InAppBillingService.BIND" />
40-->[:billing-5.1.0:] AndroidManifest.xml:18:13-91
40-->[:billing-5.1.0:] AndroidManifest.xml:18:21-88
41        </intent>
42    </queries>
43
44    <uses-permission android:name="com.google.android.gms.permission.AD_ID" />
44-->[:UnityAds:] AndroidManifest.xml:11:5-79
44-->[:UnityAds:] AndroidManifest.xml:11:22-76
45
46    <application
46-->src\main\AndroidManifest.xml:3:3-83
47        android:extractNativeLibs="true"
47-->[:unityLibrary] AndroidManifest.xml:24:18-50
48        android:icon="@mipmap/app_icon"
48-->src\main\AndroidManifest.xml:3:49-80
49        android:label="@string/app_name" >
49-->src\main\AndroidManifest.xml:3:16-48
50        <meta-data
50-->[:unityLibrary] AndroidManifest.xml:25:9-27:33
51            android:name="unity.splash-mode"
51-->[:unityLibrary] AndroidManifest.xml:26:13-45
52            android:value="0" />
52-->[:unityLibrary] AndroidManifest.xml:27:13-30
53        <meta-data
53-->[:unityLibrary] AndroidManifest.xml:28:9-30:36
54            android:name="unity.splash-enable"
54-->[:unityLibrary] AndroidManifest.xml:29:13-47
55            android:value="True" />
55-->[:unityLibrary] AndroidManifest.xml:30:13-33
56        <meta-data
56-->[:unityLibrary] AndroidManifest.xml:31:9-33:36
57            android:name="unity.launch-fullscreen"
57-->[:unityLibrary] AndroidManifest.xml:32:13-51
58            android:value="True" />
58-->[:unityLibrary] AndroidManifest.xml:33:13-33
59        <meta-data
59-->[:unityLibrary] AndroidManifest.xml:34:9-36:36
60            android:name="unity.auto-report-fully-drawn"
60-->[:unityLibrary] AndroidManifest.xml:35:13-57
61            android:value="true" />
61-->[:unityLibrary] AndroidManifest.xml:36:13-33
62
63        <activity
63-->[:unityLibrary] AndroidManifest.xml:38:9-56:20
64            android:name="com.unity3d.player.UnityPlayerActivity"
64-->[:unityLibrary] AndroidManifest.xml:39:13-66
65            android:configChanges="mcc|mnc|locale|touchscreen|keyboard|keyboardHidden|navigation|orientation|screenLayout|uiMode|screenSize|smallestScreenSize|fontScale|layoutDirection|density"
65-->[:unityLibrary] AndroidManifest.xml:40:13-194
66            android:exported="true"
66-->[:unityLibrary] AndroidManifest.xml:41:13-36
67            android:hardwareAccelerated="false"
67-->[:unityLibrary] AndroidManifest.xml:42:13-48
68            android:launchMode="singleTask"
68-->[:unityLibrary] AndroidManifest.xml:43:13-44
69            android:resizeableActivity="false"
69-->[:unityLibrary] AndroidManifest.xml:44:13-47
70            android:screenOrientation="fullUser"
70-->[:unityLibrary] AndroidManifest.xml:45:13-49
71            android:theme="@style/UnityThemeSelector" >
71-->[:unityLibrary] AndroidManifest.xml:46:13-54
72            <intent-filter>
72-->[:unityLibrary] AndroidManifest.xml:47:13-51:29
73                <category android:name="android.intent.category.LAUNCHER" />
73-->[:unityLibrary] AndroidManifest.xml:48:17-77
73-->[:unityLibrary] AndroidManifest.xml:48:27-74
74
75                <action android:name="android.intent.action.MAIN" />
75-->[:unityLibrary] AndroidManifest.xml:50:17-69
75-->[:unityLibrary] AndroidManifest.xml:50:25-66
76            </intent-filter>
77
78            <meta-data
78-->[:unityLibrary] AndroidManifest.xml:53:13-55:40
79                android:name="unityplayer.UnityActivity"
79-->[:unityLibrary] AndroidManifest.xml:54:17-57
80                android:value="true" />
80-->[:unityLibrary] AndroidManifest.xml:55:17-37
81        </activity>
82
83        <meta-data
83-->[:billing-5.1.0:] AndroidManifest.xml:23:9-25:37
84            android:name="com.google.android.play.billingclient.version"
84-->[:billing-5.1.0:] AndroidManifest.xml:24:13-73
85            android:value="5.1.0" />
85-->[:billing-5.1.0:] AndroidManifest.xml:25:13-34
86
87        <activity
87-->[:billing-5.1.0:] AndroidManifest.xml:27:9-31:75
88            android:name="com.android.billingclient.api.ProxyBillingActivity"
88-->[:billing-5.1.0:] AndroidManifest.xml:28:13-78
89            android:configChanges="keyboard|keyboardHidden|screenLayout|screenSize|orientation"
89-->[:billing-5.1.0:] AndroidManifest.xml:29:13-96
90            android:exported="false"
90-->[:billing-5.1.0:] AndroidManifest.xml:30:13-37
91            android:theme="@android:style/Theme.Translucent.NoTitleBar" />
91-->[:billing-5.1.0:] AndroidManifest.xml:31:13-72
92        <activity
92-->[:UnityAds:] AndroidManifest.xml:14:9-18:74
93            android:name="com.unity3d.services.ads.adunit.AdUnitActivity"
93-->[:UnityAds:] AndroidManifest.xml:15:13-74
94            android:configChanges="fontScale|keyboard|keyboardHidden|locale|mnc|mcc|navigation|orientation|screenLayout|screenSize|smallestScreenSize|uiMode|touchscreen"
94-->[:UnityAds:] AndroidManifest.xml:16:13-170
95            android:hardwareAccelerated="true"
95-->[:UnityAds:] AndroidManifest.xml:17:13-47
96            android:theme="@android:style/Theme.NoTitleBar.Fullscreen" />
96-->[:UnityAds:] AndroidManifest.xml:18:13-71
97        <activity
97-->[:UnityAds:] AndroidManifest.xml:19:9-23:86
98            android:name="com.unity3d.services.ads.adunit.AdUnitTransparentActivity"
98-->[:UnityAds:] AndroidManifest.xml:20:13-85
99            android:configChanges="fontScale|keyboard|keyboardHidden|locale|mnc|mcc|navigation|orientation|screenLayout|screenSize|smallestScreenSize|uiMode|touchscreen"
99-->[:UnityAds:] AndroidManifest.xml:21:13-170
100            android:hardwareAccelerated="true"
100-->[:UnityAds:] AndroidManifest.xml:22:13-47
101            android:theme="@android:style/Theme.Translucent.NoTitleBar.Fullscreen" />
101-->[:UnityAds:] AndroidManifest.xml:23:13-83
102        <activity
102-->[:UnityAds:] AndroidManifest.xml:24:9-28:86
103            android:name="com.unity3d.services.ads.adunit.AdUnitTransparentSoftwareActivity"
103-->[:UnityAds:] AndroidManifest.xml:25:13-93
104            android:configChanges="fontScale|keyboard|keyboardHidden|locale|mnc|mcc|navigation|orientation|screenLayout|screenSize|smallestScreenSize|uiMode|touchscreen"
104-->[:UnityAds:] AndroidManifest.xml:26:13-170
105            android:hardwareAccelerated="false"
105-->[:UnityAds:] AndroidManifest.xml:27:13-48
106            android:theme="@android:style/Theme.Translucent.NoTitleBar.Fullscreen" />
106-->[:UnityAds:] AndroidManifest.xml:28:13-83
107        <activity
107-->[:UnityAds:] AndroidManifest.xml:29:9-33:74
108            android:name="com.unity3d.services.ads.adunit.AdUnitSoftwareActivity"
108-->[:UnityAds:] AndroidManifest.xml:30:13-82
109            android:configChanges="fontScale|keyboard|keyboardHidden|locale|mnc|mcc|navigation|orientation|screenLayout|screenSize|smallestScreenSize|uiMode|touchscreen"
109-->[:UnityAds:] AndroidManifest.xml:31:13-170
110            android:hardwareAccelerated="false"
110-->[:UnityAds:] AndroidManifest.xml:32:13-48
111            android:theme="@android:style/Theme.NoTitleBar.Fullscreen" />
111-->[:UnityAds:] AndroidManifest.xml:33:13-71
112    </application>
113
114</manifest>